<?xml version="1.0" encoding="UTF-8"?><testsuite errors="1" failures="0" name="Validar que un usuario se pueda Loguear en el sitio web" skipped="0" tests="1" time="120.15" timestamp="2021-08-13 03:21:31"><testcase name="Loguear un usuario a la aplicacion"><error message="Session ID is null. Using WebDriver after calling quit()?&#10;Build info: version: '3.12.0', revision: '7c6e0b3', time: '2018-05-08T14:04:26.12Z'&#10;System info: host: 'DESKTOP-9ELIC1K', ip: '192.168.0.17', os.name: 'Windows 10', os.arch: 'amd64', os.version: '10.0', java.version: '1.8.0_281'&#10;Driver info: driver.version: RemoteWebDriver" type="java.lang.AssertionError">Session ID is null. Using WebDriver after calling quit()?
Build info: version: '3.12.0', revision: '7c6e0b3', time: '2018-05-08T14:04:26.12Z'
System info: host: 'DESKTOP-9ELIC1K', ip: '192.168.0.17', os.name: 'Windows 10', os.arch: 'amd64', os.version: '10.0', java.version: '1.8.0_281'
Driver info: driver.version: RemoteWebDriver</error><system-err>Session ID is null. Using WebDriver after calling quit()?
Build info: version: '3.12.0', revision: '7c6e0b3', time: '2018-05-08T14:04:26.12Z'
System info: host: 'DESKTOP-9ELIC1K', ip: '192.168.0.17', os.name: 'Windows 10', os.arch: 'amd64', os.version: '10.0', java.version: '1.8.0_281'
Driver info: driver.version: RemoteWebDriver&#13;
com.proyectoweb.practica.stepdefinitions.LoguearUsuarioStepDefinition.deboInciarSesionCorrectamente(LoguearUsuarioStepDefinition.java:26)&#13;
✽.debo inciar sesion correctamente(src/test/resources/features/loguear_usuario.feature:17)&#13;
</system-err></testcase></testsuite>